Generating Chapter 1...
[20:56:17] generating PDF from 01-introduction.md [started]
[20:56:20] generating PDF from 01-introduction.md [completed]
Generating Chapter 2...
[20:56:21] generating PDF from 02-understanding-apps.md [started]
[20:56:23] generating PDF from 02-understanding-apps.md [completed]
Generating Chapter 3...
[20:56:23] generating PDF from 03-choosing-stack.md [started]
[20:56:26] generating PDF from 03-choosing-stack.md [completed]
Generating Chapter 4...
[20:56:26] generating PDF from 04-tutorial.md [started]
[20:56:29] generating PDF from 04-tutorial.md [completed]
Generating Chapter 5...
[20:56:29] generating PDF from 05-building-blocks.md [started]
[20:56:31] generating PDF from 05-building-blocks.md [completed]
Generating Chapter 6...
[20:56:32] generating PDF from 06-debugging.md [started]
[20:56:34] generating PDF from 06-debugging.md [completed]
Generating Chapter 7...
[20:56:34] generating PDF from 07-testing.md [started]
[20:56:36] generating PDF from 07-testing.md [completed]
Generating Chapter 8...
[20:56:37] generating PDF from 08-whats-next.md [started]
[20:56:38] generating PDF from 08-whats-next.md [completed]
Generating README...
[20:56:39] generating PDF from README.md [started]
[20:56:41] generating PDF from README.md [completed]
Generating GLOSSARY...
[20:56:41] generating PDF from GLOSSARY.md [started]
[20:56:43] generating PDF from GLOSSARY.md [completed]
Generating QUICK-START...
[20:56:43] generating PDF from QUICK-START.md [started]
[20:56:46] generating PDF from QUICK-START.md [completed]
All PDFs generated successfully!
